<?xml version="1.0" encoding="UTF-8"?>
<robot generator="Robot 3.2.2 (Python 3.9.0 on win32)" generated="20210119 17:33:07.097" rpa="false">
<suite id="s1" name="OpenEmrProject" source="D:\B-Mine\Company\Company\LT2\robot_workspace\OpenEmrProject">
<suite id="s1-s1" name="LoginSuite" source="D:\B-Mine\Company\Company\LT2\robot_workspace\OpenEmrProject\LoginSuite">
<suite id="s1-s1-s1" name="Verify Invalid Credentials" source="D:\B-Mine\Company\Company\LT2\robot_workspace\OpenEmrProject\LoginSuite\verify_invalid_credentials.robot">
<test id="s1-s1-s1-t1" name="Verify_Invalid_Credentials_Test_admin1">
<kw name="Launch Browser" library="common_functionality" type="setup">
<kw name="Append To Environment Variable" library="OperatingSystem">
<doc>Appends given ``values`` to environment variable ``name``.</doc>
<arguments>
<arg>Path</arg>
<arg>${OUTPUT_DIR}${/}driver</arg>
</arguments>
<msg timestamp="20210119 17:33:07.949" level="INFO">Environment variable 'Path' set to value 'C:/Program Files/Java/jre1.8.0_261/bin/server;C:/Program Files/Java/jre1.8.0_261/bin;C:/Program Files/Java/jre1.8.0_261/lib/amd64;C:\Program Files (x86)\Common Files\Oracle\Java\javapath;C:\WINDOWS\system32;C:\WINDOWS;C:\WINDOWS\System32\Wbem;C:\WINDOWS\System32\WindowsPowerShell\v1.0\;C:\Program Files\Microsoft SQL Server\Client SDK\ODBC\110\Tools\Binn\;E:\Program Files (x86)\Microsoft SQL Server\120\Tools\Binn\;C:\Program Files\Microsoft SQL Server\120\Tools\Binn\;C:\Program Files\Microsoft SQL Server\120\DTS\Binn\;C:\WINDOWS\System32\OpenSSH\;C:\Users\Abirami\AppData\Local\Android\Sdk\platform-tools;C:\Users\Abirami\AppData\Local\Android\Sdk\emulator;C:\Program Files (x86)\Windows Kits\10\Windows Performance Toolkit\;C:\Program Files\Microsoft SQL Server\Client SDK\ODBC\170\Tools\Binn\;C:\Program Files (x86)\Microsoft SQL Server\150\Tools\Binn\;C:\Program Files\Microsoft SQL Server\150\Tools\Binn\;C:\Program Files\Microsoft SQL Server\150\DTS\Binn\;C:\Program Files\dotnet\;C:\Program Files\nodejs\;C:\Program Files\nodejs\node_modules\npm\bin;C:\Program Files\Git\cmd;C:\Program Files\Java\jdk1.8.0_261\bin;C:\apache-maven-3.6.3-bin\apache-maven-3.6.3\bin;C:\Users\Abirami\AppData\Local\Programs\Python\Python39\Scripts\;C:\Users\Abirami\AppData\Local\Programs\Python\Python39\;C:\Users\Abirami\AppData\Local\Microsoft\WindowsApps;C:\Users\Abirami\.dotnet\tools;C:\Users\Abirami\AppData\Local\GitHubDesktop\bin;C:\Users\Abirami\AppData\Roaming\npm;;D:\B-Mine\Company\eclipse;;D:\B-Mine\Company\Company\LT2\robot_workspace\OpenEmrProject\driver'.</msg>
<status status="PASS" starttime="20210119 17:33:07.949" endtime="20210119 17:33:07.950"></status>
</kw>
<kw name="Open Browser" library="SeleniumLibrary">
<doc>Opens a new browser instance to the optional ``url``.</doc>
<arguments>
<arg>browser=${BROWSER_NAME}</arg>
</arguments>
<msg timestamp="20210119 17:33:07.950" level="INFO">Opening browser 'chrome' to base url 'None'.</msg>
<status status="PASS" starttime="20210119 17:33:07.950" endtime="20210119 17:33:11.192"></status>
</kw>
<kw name="Maximize Browser Window" library="SeleniumLibrary">
<doc>Maximizes current browser window.</doc>
<status status="PASS" starttime="20210119 17:33:11.192" endtime="20210119 17:33:13.327"></status>
</kw>
<kw name="Set Selenium Implicit Wait" library="SeleniumLibrary">
<doc>Sets the implicit wait value used by Selenium.</doc>
<arguments>
<arg>30s</arg>
</arguments>
<status status="PASS" starttime="20210119 17:33:13.328" endtime="20210119 17:33:13.329"></status>
</kw>
<kw name="Go To" library="SeleniumLibrary">
<doc>Navigates the current browser window to the provided ``url``.</doc>
<arguments>
<arg>url=${URL}</arg>
</arguments>
<msg timestamp="20210119 17:33:13.330" level="INFO">Opening url 'https://demo.openemr.io/b/openemr/interface/login/login.php?site=default'</msg>
<status status="PASS" starttime="20210119 17:33:13.329" endtime="20210119 17:33:20.630"></status>
</kw>
<status status="PASS" starttime="20210119 17:33:07.948" endtime="20210119 17:33:20.631"></status>
</kw>
<kw name="Verify_Invalid_Credentials_Template">
<arguments>
<arg>admin1</arg>
<arg>pass123</arg>
<arg>English (Indian)</arg>
<arg>Invalid username or password</arg>
</arguments>
<kw name="Enter Username" library="LoginPage">
<arguments>
<arg>${username}</arg>
</arguments>
<kw name="Input Text" library="SeleniumLibrary">
<doc>Types the given ``text`` into the text field identified by ``locator``.</doc>
<arguments>
<arg>${USERNAME_LOCATOR}</arg>
<arg>${username}</arg>
</arguments>
<msg timestamp="20210119 17:33:20.636" level="INFO">Typing text 'admin1' into text field 'authUser'.</msg>
<status status="PASS" starttime="20210119 17:33:20.635" endtime="20210119 17:33:20.747"></status>
</kw>
<status status="PASS" starttime="20210119 17:33:20.634" endtime="20210119 17:33:20.748"></status>
</kw>
<kw name="Enter Password" library="LoginPage">
<arguments>
<arg>${password}</arg>
</arguments>
<kw name="Input Password" library="SeleniumLibrary">
<doc>Types the given password into the text field identified by ``locator``.</doc>
<arguments>
<arg>${PASSWORD_LOCATOR}</arg>
<arg>${password}</arg>
</arguments>
<msg timestamp="20210119 17:33:20.749" level="INFO">Typing password into text field 'clearPass'.</msg>
<msg timestamp="20210119 17:33:20.800" level="INFO">Temporally setting log level to: NONE</msg>
<msg timestamp="20210119 17:33:20.869" level="INFO">Log level changed from NONE to INFO.</msg>
<status status="PASS" starttime="20210119 17:33:20.749" endtime="20210119 17:33:20.869"></status>
</kw>
<status status="PASS" starttime="20210119 17:33:20.748" endtime="20210119 17:33:20.870"></status>
</kw>
<kw name="Select Language" library="LoginPage">
<arguments>
<arg>${language}</arg>
</arguments>
<kw name="Select From List By Label" library="SeleniumLibrary">
<doc>Selects options from selection list ``locator`` by ``labels``.</doc>
<arguments>
<arg>${LANGUAGE_LOCATOR}</arg>
<arg>${language}</arg>
</arguments>
<msg timestamp="20210119 17:33:20.872" level="INFO">Selecting options from selection list 'languageChoice' by label English (Indian).</msg>
<status status="PASS" starttime="20210119 17:33:20.871" endtime="20210119 17:33:20.955"></status>
</kw>
<status status="PASS" starttime="20210119 17:33:20.870" endtime="20210119 17:33:20.955"></status>
</kw>
<kw name="Click Login" library="LoginPage">
<kw name="Click Element" library="SeleniumLibrary">
<doc>Click the element identified by ``locator``.</doc>
<arguments>
<arg>${LOGIN LOCATOR}</arg>
</arguments>
<msg timestamp="20210119 17:33:20.957" level="INFO">Clicking element '//button[@type='submit']'.</msg>
<status status="PASS" starttime="20210119 17:33:20.957" endtime="20210119 17:33:22.291"></status>
</kw>
<status status="PASS" starttime="20210119 17:33:20.956" endtime="20210119 17:33:22.292"></status>
</kw>
<kw name="Verify Error Message" library="LoginPage">
<arguments>
<arg>${expectedvalue}</arg>
</arguments>
<kw name="Element Should Contain" library="SeleniumLibrary">
<doc>Verifies that element ``locator`` contains text ``expected``.</doc>
<arguments>
<arg>${ERROR_LOCATOR}</arg>
<arg>${errormessage}</arg>
</arguments>
<msg timestamp="20210119 17:33:22.352" level="INFO">Element '//*[contains(text(),'Invalid')]' contains text 'Invalid username or password'.</msg>
<status status="PASS" starttime="20210119 17:33:22.295" endtime="20210119 17:33:22.353"></status>
</kw>
<status status="PASS" starttime="20210119 17:33:22.293" endtime="20210119 17:33:22.353"></status>
</kw>
<status status="PASS" starttime="20210119 17:33:20.632" endtime="20210119 17:33:22.354"></status>
</kw>
<kw name="End Browser" library="common_functionality" type="teardown">
<kw name="Close Browser" library="SeleniumLibrary">
<doc>Closes the current browser.</doc>
<status status="PASS" starttime="20210119 17:33:22.355" endtime="20210119 17:33:24.490"></status>
</kw>
<status status="PASS" starttime="20210119 17:33:22.354" endtime="20210119 17:33:24.491"></status>
</kw>
<status status="PASS" starttime="20210119 17:33:07.947" endtime="20210119 17:33:24.493" critical="yes"></status>
</test>
<test id="s1-s1-s1-t2" name="Verify_Invalid_Credentials_Test_admin2">
<kw name="Launch Browser" library="common_functionality" type="setup">
<kw name="Append To Environment Variable" library="OperatingSystem">
<doc>Appends given ``values`` to environment variable ``name``.</doc>
<arguments>
<arg>Path</arg>
<arg>${OUTPUT_DIR}${/}driver</arg>
</arguments>
<msg timestamp="20210119 17:33:24.501" level="INFO">Environment variable 'Path' set to value 'C:/Program Files/Java/jre1.8.0_261/bin/server;C:/Program Files/Java/jre1.8.0_261/bin;C:/Program Files/Java/jre1.8.0_261/lib/amd64;C:\Program Files (x86)\Common Files\Oracle\Java\javapath;C:\WINDOWS\system32;C:\WINDOWS;C:\WINDOWS\System32\Wbem;C:\WINDOWS\System32\WindowsPowerShell\v1.0\;C:\Program Files\Microsoft SQL Server\Client SDK\ODBC\110\Tools\Binn\;E:\Program Files (x86)\Microsoft SQL Server\120\Tools\Binn\;C:\Program Files\Microsoft SQL Server\120\Tools\Binn\;C:\Program Files\Microsoft SQL Server\120\DTS\Binn\;C:\WINDOWS\System32\OpenSSH\;C:\Users\Abirami\AppData\Local\Android\Sdk\platform-tools;C:\Users\Abirami\AppData\Local\Android\Sdk\emulator;C:\Program Files (x86)\Windows Kits\10\Windows Performance Toolkit\;C:\Program Files\Microsoft SQL Server\Client SDK\ODBC\170\Tools\Binn\;C:\Program Files (x86)\Microsoft SQL Server\150\Tools\Binn\;C:\Program Files\Microsoft SQL Server\150\Tools\Binn\;C:\Program Files\Microsoft SQL Server\150\DTS\Binn\;C:\Program Files\dotnet\;C:\Program Files\nodejs\;C:\Program Files\nodejs\node_modules\npm\bin;C:\Program Files\Git\cmd;C:\Program Files\Java\jdk1.8.0_261\bin;C:\apache-maven-3.6.3-bin\apache-maven-3.6.3\bin;C:\Users\Abirami\AppData\Local\Programs\Python\Python39\Scripts\;C:\Users\Abirami\AppData\Local\Programs\Python\Python39\;C:\Users\Abirami\AppData\Local\Microsoft\WindowsApps;C:\Users\Abirami\.dotnet\tools;C:\Users\Abirami\AppData\Local\GitHubDesktop\bin;C:\Users\Abirami\AppData\Roaming\npm;;D:\B-Mine\Company\eclipse;;D:\B-Mine\Company\Company\LT2\robot_workspace\OpenEmrProject\driver;D:\B-Mine\Company\Company\LT2\robot_workspace\OpenEmrProject\driver'.</msg>
<status status="PASS" starttime="20210119 17:33:24.500" endtime="20210119 17:33:24.502"></status>
</kw>
<kw name="Open Browser" library="SeleniumLibrary">
<doc>Opens a new browser instance to the optional ``url``.</doc>
<arguments>
<arg>browser=${BROWSER_NAME}</arg>
</arguments>
<msg timestamp="20210119 17:33:24.504" level="INFO">Opening browser 'chrome' to base url 'None'.</msg>
<status status="PASS" starttime="20210119 17:33:24.502" endtime="20210119 17:33:27.807"></status>
</kw>
<kw name="Maximize Browser Window" library="SeleniumLibrary">
<doc>Maximizes current browser window.</doc>
<status status="PASS" starttime="20210119 17:33:27.807" endtime="20210119 17:33:29.934"></status>
</kw>
<kw name="Set Selenium Implicit Wait" library="SeleniumLibrary">
<doc>Sets the implicit wait value used by Selenium.</doc>
<arguments>
<arg>30s</arg>
</arguments>
<status status="PASS" starttime="20210119 17:33:29.934" endtime="20210119 17:33:29.936"></status>
</kw>
<kw name="Go To" library="SeleniumLibrary">
<doc>Navigates the current browser window to the provided ``url``.</doc>
<arguments>
<arg>url=${URL}</arg>
</arguments>
<msg timestamp="20210119 17:33:29.937" level="INFO">Opening url 'https://demo.openemr.io/b/openemr/interface/login/login.php?site=default'</msg>
<status status="PASS" starttime="20210119 17:33:29.936" endtime="20210119 17:33:36.354"></status>
</kw>
<status status="PASS" starttime="20210119 17:33:24.498" endtime="20210119 17:33:36.354"></status>
</kw>
<kw name="Verify_Invalid_Credentials_Template">
<arguments>
<arg>admin2</arg>
<arg>pass123</arg>
<arg>English (Indian)</arg>
<arg>Invalid username or password</arg>
</arguments>
<kw name="Enter Username" library="LoginPage">
<arguments>
<arg>${username}</arg>
</arguments>
<kw name="Input Text" library="SeleniumLibrary">
<doc>Types the given ``text`` into the text field identified by ``locator``.</doc>
<arguments>
<arg>${USERNAME_LOCATOR}</arg>
<arg>${username}</arg>
</arguments>
<msg timestamp="20210119 17:33:36.357" level="INFO">Typing text 'admin2' into text field 'authUser'.</msg>
<status status="PASS" starttime="20210119 17:33:36.357" endtime="20210119 17:33:36.468"></status>
</kw>
<status status="PASS" starttime="20210119 17:33:36.356" endtime="20210119 17:33:36.469"></status>
</kw>
<kw name="Enter Password" library="LoginPage">
<arguments>
<arg>${password}</arg>
</arguments>
<kw name="Input Password" library="SeleniumLibrary">
<doc>Types the given password into the text field identified by ``locator``.</doc>
<arguments>
<arg>${PASSWORD_LOCATOR}</arg>
<arg>${password}</arg>
</arguments>
<msg timestamp="20210119 17:33:36.470" level="INFO">Typing password into text field 'clearPass'.</msg>
<msg timestamp="20210119 17:33:36.527" level="INFO">Temporally setting log level to: NONE</msg>
<msg timestamp="20210119 17:33:36.607" level="INFO">Log level changed from NONE to INFO.</msg>
<status status="PASS" starttime="20210119 17:33:36.470" endtime="20210119 17:33:36.608"></status>
</kw>
<status status="PASS" starttime="20210119 17:33:36.469" endtime="20210119 17:33:36.608"></status>
</kw>
<kw name="Select Language" library="LoginPage">
<arguments>
<arg>${language}</arg>
</arguments>
<kw name="Select From List By Label" library="SeleniumLibrary">
<doc>Selects options from selection list ``locator`` by ``labels``.</doc>
<arguments>
<arg>${LANGUAGE_LOCATOR}</arg>
<arg>${language}</arg>
</arguments>
<msg timestamp="20210119 17:33:36.610" level="INFO">Selecting options from selection list 'languageChoice' by label English (Indian).</msg>
<status status="PASS" starttime="20210119 17:33:36.610" endtime="20210119 17:33:36.704"></status>
</kw>
<status status="PASS" starttime="20210119 17:33:36.609" endtime="20210119 17:33:36.704"></status>
</kw>
<kw name="Click Login" library="LoginPage">
<kw name="Click Element" library="SeleniumLibrary">
<doc>Click the element identified by ``locator``.</doc>
<arguments>
<arg>${LOGIN LOCATOR}</arg>
</arguments>
<msg timestamp="20210119 17:33:36.706" level="INFO">Clicking element '//button[@type='submit']'.</msg>
<status status="PASS" starttime="20210119 17:33:36.705" endtime="20210119 17:33:38.206"></status>
</kw>
<status status="PASS" starttime="20210119 17:33:36.705" endtime="20210119 17:33:38.206"></status>
</kw>
<kw name="Verify Error Message" library="LoginPage">
<arguments>
<arg>${expectedvalue}</arg>
</arguments>
<kw name="Element Should Contain" library="SeleniumLibrary">
<doc>Verifies that element ``locator`` contains text ``expected``.</doc>
<arguments>
<arg>${ERROR_LOCATOR}</arg>
<arg>${errormessage}</arg>
</arguments>
<msg timestamp="20210119 17:33:38.239" level="INFO">Element '//*[contains(text(),'Invalid')]' contains text 'Invalid username or password'.</msg>
<status status="PASS" starttime="20210119 17:33:38.209" endtime="20210119 17:33:38.239"></status>
</kw>
<status status="PASS" starttime="20210119 17:33:38.207" endtime="20210119 17:33:38.240"></status>
</kw>
<status status="PASS" starttime="20210119 17:33:36.355" endtime="20210119 17:33:38.240"></status>
</kw>
<kw name="End Browser" library="common_functionality" type="teardown">
<kw name="Close Browser" library="SeleniumLibrary">
<doc>Closes the current browser.</doc>
<status status="PASS" starttime="20210119 17:33:38.241" endtime="20210119 17:33:40.365"></status>
</kw>
<status status="PASS" starttime="20210119 17:33:38.240" endtime="20210119 17:33:40.365"></status>
</kw>
<status status="PASS" starttime="20210119 17:33:24.497" endtime="20210119 17:33:40.365" critical="yes"></status>
</test>
<test id="s1-s1-s1-t3" name="Verify_Invalid_Credentials_Test_admin3">
<kw name="Launch Browser" library="common_functionality" type="setup">
<kw name="Append To Environment Variable" library="OperatingSystem">
<doc>Appends given ``values`` to environment variable ``name``.</doc>
<arguments>
<arg>Path</arg>
<arg>${OUTPUT_DIR}${/}driver</arg>
</arguments>
<msg timestamp="20210119 17:33:40.369" level="INFO">Environment variable 'Path' set to value 'C:/Program Files/Java/jre1.8.0_261/bin/server;C:/Program Files/Java/jre1.8.0_261/bin;C:/Program Files/Java/jre1.8.0_261/lib/amd64;C:\Program Files (x86)\Common Files\Oracle\Java\javapath;C:\WINDOWS\system32;C:\WINDOWS;C:\WINDOWS\System32\Wbem;C:\WINDOWS\System32\WindowsPowerShell\v1.0\;C:\Program Files\Microsoft SQL Server\Client SDK\ODBC\110\Tools\Binn\;E:\Program Files (x86)\Microsoft SQL Server\120\Tools\Binn\;C:\Program Files\Microsoft SQL Server\120\Tools\Binn\;C:\Program Files\Microsoft SQL Server\120\DTS\Binn\;C:\WINDOWS\System32\OpenSSH\;C:\Users\Abirami\AppData\Local\Android\Sdk\platform-tools;C:\Users\Abirami\AppData\Local\Android\Sdk\emulator;C:\Program Files (x86)\Windows Kits\10\Windows Performance Toolkit\;C:\Program Files\Microsoft SQL Server\Client SDK\ODBC\170\Tools\Binn\;C:\Program Files (x86)\Microsoft SQL Server\150\Tools\Binn\;C:\Program Files\Microsoft SQL Server\150\Tools\Binn\;C:\Program Files\Microsoft SQL Server\150\DTS\Binn\;C:\Program Files\dotnet\;C:\Program Files\nodejs\;C:\Program Files\nodejs\node_modules\npm\bin;C:\Program Files\Git\cmd;C:\Program Files\Java\jdk1.8.0_261\bin;C:\apache-maven-3.6.3-bin\apache-maven-3.6.3\bin;C:\Users\Abirami\AppData\Local\Programs\Python\Python39\Scripts\;C:\Users\Abirami\AppData\Local\Programs\Python\Python39\;C:\Users\Abirami\AppData\Local\Microsoft\WindowsApps;C:\Users\Abirami\.dotnet\tools;C:\Users\Abirami\AppData\Local\GitHubDesktop\bin;C:\Users\Abirami\AppData\Roaming\npm;;D:\B-Mine\Company\eclipse;;D:\B-Mine\Company\Company\LT2\robot_workspace\OpenEmrProject\driver;D:\B-Mine\Company\Company\LT2\robot_workspace\OpenEmrProject\driver;D:\B-Mine\Company\Company\LT2\robot_workspace\OpenEmrProject\driver'.</msg>
<status status="PASS" starttime="20210119 17:33:40.368" endtime="20210119 17:33:40.369"></status>
</kw>
<kw name="Open Browser" library="SeleniumLibrary">
<doc>Opens a new browser instance to the optional ``url``.</doc>
<arguments>
<arg>browser=${BROWSER_NAME}</arg>
</arguments>
<msg timestamp="20210119 17:33:40.370" level="INFO">Opening browser 'chrome' to base url 'None'.</msg>
<status status="PASS" starttime="20210119 17:33:40.370" endtime="20210119 17:33:43.692"></status>
</kw>
<kw name="Maximize Browser Window" library="SeleniumLibrary">
<doc>Maximizes current browser window.</doc>
<status status="PASS" starttime="20210119 17:33:43.692" endtime="20210119 17:33:45.842"></status>
</kw>
<kw name="Set Selenium Implicit Wait" library="SeleniumLibrary">
<doc>Sets the implicit wait value used by Selenium.</doc>
<arguments>
<arg>30s</arg>
</arguments>
<status status="PASS" starttime="20210119 17:33:45.843" endtime="20210119 17:33:45.845"></status>
</kw>
<kw name="Go To" library="SeleniumLibrary">
<doc>Navigates the current browser window to the provided ``url``.</doc>
<arguments>
<arg>url=${URL}</arg>
</arguments>
<msg timestamp="20210119 17:33:45.846" level="INFO">Opening url 'https://demo.openemr.io/b/openemr/interface/login/login.php?site=default'</msg>
<status status="PASS" starttime="20210119 17:33:45.845" endtime="20210119 17:33:52.234"></status>
</kw>
<status status="PASS" starttime="20210119 17:33:40.367" endtime="20210119 17:33:52.234"></status>
</kw>
<kw name="Verify_Invalid_Credentials_Template">
<arguments>
<arg>admin3</arg>
<arg>pass123</arg>
<arg>English (Indian)</arg>
<arg>Invalid username or password</arg>
</arguments>
<kw name="Enter Username" library="LoginPage">
<arguments>
<arg>${username}</arg>
</arguments>
<kw name="Input Text" library="SeleniumLibrary">
<doc>Types the given ``text`` into the text field identified by ``locator``.</doc>
<arguments>
<arg>${USERNAME_LOCATOR}</arg>
<arg>${username}</arg>
</arguments>
<msg timestamp="20210119 17:33:52.237" level="INFO">Typing text 'admin3' into text field 'authUser'.</msg>
<status status="PASS" starttime="20210119 17:33:52.237" endtime="20210119 17:33:52.324"></status>
</kw>
<status status="PASS" starttime="20210119 17:33:52.236" endtime="20210119 17:33:52.324"></status>
</kw>
<kw name="Enter Password" library="LoginPage">
<arguments>
<arg>${password}</arg>
</arguments>
<kw name="Input Password" library="SeleniumLibrary">
<doc>Types the given password into the text field identified by ``locator``.</doc>
<arguments>
<arg>${PASSWORD_LOCATOR}</arg>
<arg>${password}</arg>
</arguments>
<msg timestamp="20210119 17:33:52.326" level="INFO">Typing password into text field 'clearPass'.</msg>
<msg timestamp="20210119 17:33:52.367" level="INFO">Temporally setting log level to: NONE</msg>
<msg timestamp="20210119 17:33:52.421" level="INFO">Log level changed from NONE to INFO.</msg>
<status status="PASS" starttime="20210119 17:33:52.326" endtime="20210119 17:33:52.421"></status>
</kw>
<status status="PASS" starttime="20210119 17:33:52.325" endtime="20210119 17:33:52.421"></status>
</kw>
<kw name="Select Language" library="LoginPage">
<arguments>
<arg>${language}</arg>
</arguments>
<kw name="Select From List By Label" library="SeleniumLibrary">
<doc>Selects options from selection list ``locator`` by ``labels``.</doc>
<arguments>
<arg>${LANGUAGE_LOCATOR}</arg>
<arg>${language}</arg>
</arguments>
<msg timestamp="20210119 17:33:52.424" level="INFO">Selecting options from selection list 'languageChoice' by label English (Indian).</msg>
<status status="PASS" starttime="20210119 17:33:52.423" endtime="20210119 17:33:52.526"></status>
</kw>
<status status="PASS" starttime="20210119 17:33:52.422" endtime="20210119 17:33:52.527"></status>
</kw>
<kw name="Click Login" library="LoginPage">
<kw name="Click Element" library="SeleniumLibrary">
<doc>Click the element identified by ``locator``.</doc>
<arguments>
<arg>${LOGIN LOCATOR}</arg>
</arguments>
<msg timestamp="20210119 17:33:52.528" level="INFO">Clicking element '//button[@type='submit']'.</msg>
<status status="PASS" starttime="20210119 17:33:52.528" endtime="20210119 17:33:53.923"></status>
</kw>
<status status="PASS" starttime="20210119 17:33:52.527" endtime="20210119 17:33:53.924"></status>
</kw>
<kw name="Verify Error Message" library="LoginPage">
<arguments>
<arg>${expectedvalue}</arg>
</arguments>
<kw name="Element Should Contain" library="SeleniumLibrary">
<doc>Verifies that element ``locator`` contains text ``expected``.</doc>
<arguments>
<arg>${ERROR_LOCATOR}</arg>
<arg>${errormessage}</arg>
</arguments>
<msg timestamp="20210119 17:33:53.959" level="INFO">Element '//*[contains(text(),'Invalid')]' contains text 'Invalid username or password'.</msg>
<status status="PASS" starttime="20210119 17:33:53.927" endtime="20210119 17:33:53.960"></status>
</kw>
<status status="PASS" starttime="20210119 17:33:53.925" endtime="20210119 17:33:53.960"></status>
</kw>
<status status="PASS" starttime="20210119 17:33:52.235" endtime="20210119 17:33:53.961"></status>
</kw>
<kw name="End Browser" library="common_functionality" type="teardown">
<kw name="Close Browser" library="SeleniumLibrary">
<doc>Closes the current browser.</doc>
<status status="PASS" starttime="20210119 17:33:53.962" endtime="20210119 17:33:56.095"></status>
</kw>
<status status="PASS" starttime="20210119 17:33:53.961" endtime="20210119 17:33:56.095"></status>
</kw>
<status status="PASS" starttime="20210119 17:33:40.366" endtime="20210119 17:33:56.095" critical="yes"></status>
</test>
<doc>This file test the valid credential detail</doc>
<status status="PASS" starttime="20210119 17:33:07.163" endtime="20210119 17:33:56.097"></status>
</suite>
<status status="PASS" starttime="20210119 17:33:07.159" endtime="20210119 17:33:56.099"></status>
</suite>
<status status="PASS" starttime="20210119 17:33:07.125" endtime="20210119 17:33:56.099"></status>
</suite>
<statistics>
<total>
<stat pass="3" fail="0">Critical Tests</stat>
<stat pass="3" fail="0">All Tests</stat>
</total>
<tag>
</tag>
<suite>
<stat pass="3" fail="0" id="s1" name="OpenEmrProject">OpenEmrProject</stat>
<stat pass="3" fail="0" id="s1-s1" name="LoginSuite">OpenEmrProject.LoginSuite</stat>
<stat pass="3" fail="0" id="s1-s1-s1" name="Verify Invalid Credentials">OpenEmrProject.LoginSuite.Verify Invalid Credentials</stat>
</suite>
</statistics>
<errors>
</errors>
</robot>
